<?xml version="1.0" encoding="UTF-8"?>
<testsuite name="com.example.iphone_contects.Database.ContactTest" tests="1" skipped="0" failures="0" errors="0" timestamp="2021-10-20T03:20:18" hostname="MOSTAFA-ASUS" time="0.004">
  <properties/>
  <testcase name="getFirst_name" classname="com.example.iphone_contects.Database.ContactTest" time="0.004"/>
  <system-out><![CDATA[]]></system-out>
  <system-err><![CDATA[]]></system-err>
</testsuite>
